<?xml version="1.0" encoding="UTF-8"?>
<!-- Generated by org.testng.reporters.JUnitReportReporter -->
<testsuite skipped="0" hostname="Alkesh-PC" name="TestNG.Second" tests="2" failures="0" timestamp="01 Mar 2018 15:01:15 GMT" time="0.016" errors="0">
  <testcase name="f2" time="0.005" classname="TestNG.Second"/>
  <testcase name="f1" time="0.011" classname="TestNG.Second"/>
</testsuite> <!-- TestNG.Second -->
